app/build/intermediates/manifest_merge_blame_file/debug/manifest-merger-blame-debug-report.txt
1<?xml version="1.0" encoding="utf-8"?>
2<manifest xmlns:android="http://schemas.android.com/apk/res/android"
3    package="com.google.mlkit.vision"
4    android:installLocation="auto"
5    android:versionCode="11"
6    android:versionName="1.11" >
7    <!--
8 CameraX libraries require minSdkVersion 21, while this quickstart app
9    supports low to 19. Needs to use overrideLibrary to make the merger tool
10    ignore this conflict and import the libraries while keeping the app's lower
11    minSdkVersion value. In code, will check SDK version, before calling CameraX
12    APIs.
13    -->
14    <uses-sdk
14-->src/main/AndroidManifest.xml:11:5-15:60
15        android:minSdkVersion="19"
16        android:targetSdkVersion="34" />
17
18    <uses-feature android:name="android.hardware.camera" />
18-->src/main/AndroidManifest.xml:17:5-59
18-->src/main/AndroidManifest.xml:17:19-57
19
20    <uses-permission android:name="android.permission.INTERNET" />
20-->src/main/AndroidManifest.xml:19:5-66
20-->src/main/AndroidManifest.xml:19:22-64
21    <uses-permission android:name="android.permission.WRITE_EXTERNAL_STORAGE" />
21-->src/main/AndroidManifest.xml:20:5-80
21-->src/main/AndroidManifest.xml:20:22-78
22    <uses-permission android:name="android.permission.READ_EXTERNAL_STORAGE" />
22-->src/main/AndroidManifest.xml:21:5-79
22-->src/main/AndroidManifest.xml:21:22-77
23    <uses-permission android:name="android.permission.CAMERA" />
23-->src/main/AndroidManifest.xml:22:5-64
23-->src/main/AndroidManifest.xml:22:22-62
24
25    <queries>
25-->src/main/AndroidManifest.xml:63:5-67:15
26        <intent>
26-->src/main/AndroidManifest.xml:64:9-66:18
27            <action android:name="android.media.action.IMAGE_CAPTURE" />
27-->src/main/AndroidManifest.xml:65:13-73
27-->src/main/AndroidManifest.xml:65:21-70
28        </intent>
29    </queries>
30
31    <!-- For remote config -->
32    <uses-permission android:name="android.permission.ACCESS_NETWORK_STATE" />
32-->[com.google.mlkit:pose-detection-common:18.0.0-beta3] AndroidManifest.xml:7:5-79
32-->[com.google.mlkit:pose-detection-common:18.0.0-beta3] AndroidManifest.xml:7:22-76
33    <uses-permission android:name="android.permission.WAKE_LOCK" />
33-->[androidx.work:work-runtime:2.7.0] AndroidManifest.xml:25:5-68
33-->[androidx.work:work-runtime:2.7.0] AndroidManifest.xml:25:22-65
34    <uses-permission android:name="android.permission.RECEIVE_BOOT_COMPLETED" />
34-->[androidx.work:work-runtime:2.7.0] AndroidManifest.xml:27:5-81
34-->[androidx.work:work-runtime:2.7.0] AndroidManifest.xml:27:22-78
35    <uses-permission android:name="android.permission.FOREGROUND_SERVICE" />
35-->[androidx.work:work-runtime:2.7.0] AndroidManifest.xml:28:5-77
35-->[androidx.work:work-runtime:2.7.0] AndroidManifest.xml:28:22-74
36
37    <permission
37-->[androidx.core:core:1.9.0] AndroidManifest.xml:22:5-24:47
38        android:name="com.google.mlkit.vision.DYNAMIC_RECEIVER_NOT_EXPORTED_PERMISSION"
38-->[androidx.core:core:1.9.0] AndroidManifest.xml:23:9-81
39        android:protectionLevel="signature" />
39-->[androidx.core:core:1.9.0] AndroidManifest.xml:24:9-44
40
41    <uses-permission android:name="com.google.mlkit.vision.DYNAMIC_RECEIVER_NOT_EXPORTED_PERMISSION" />
41-->[androidx.core:core:1.9.0] AndroidManifest.xml:26:5-97
41-->[androidx.core:core:1.9.0] AndroidManifest.xml:26:22-94
42
43    <application
43-->src/main/AndroidManifest.xml:24:5-62:19
44        android:name="androidx.multidex.MultiDexApplication"
44-->src/main/AndroidManifest.xml:25:9-61
45        android:appComponentFactory="androidx.core.app.CoreComponentFactory"
45-->[androidx.core:core:1.9.0] AndroidManifest.xml:28:18-86
46        android:debuggable="true"
47        android:extractNativeLibs="true"
48        android:icon="@drawable/logo_mlkit"
48-->src/main/AndroidManifest.xml:26:9-44
49        android:label="@string/app_name"
49-->src/main/AndroidManifest.xml:27:9-41
50        android:testOnly="true"
51        android:theme="@style/Theme.AppCompat" >
51-->src/main/AndroidManifest.xml:28:9-47
52        <meta-data
52-->src/main/AndroidManifest.xml:30:9-32:68
53            android:name="com.google.android.gms.version"
53-->src/main/AndroidManifest.xml:31:13-58
54            android:value="@integer/google_play_services_version" />
54-->src/main/AndroidManifest.xml:32:13-66
55
56        <activity
56-->src/main/AndroidManifest.xml:34:9-42:20
57            android:name="com.google.mlkit.vision.EntryChoiceActivity"
57-->src/main/AndroidManifest.xml:35:13-71
58            android:exported="true"
58-->src/main/AndroidManifest.xml:36:13-36
59            android:theme="@style/AppTheme" >
59-->src/main/AndroidManifest.xml:37:13-44
60            <intent-filter>
60-->src/main/AndroidManifest.xml:38:13-41:29
61                <action android:name="android.intent.action.MAIN" />
61-->src/main/AndroidManifest.xml:39:17-68
61-->src/main/AndroidManifest.xml:39:25-66
62
63                <category android:name="android.intent.category.LAUNCHER" />
63-->src/main/AndroidManifest.xml:40:17-76
63-->src/main/AndroidManifest.xml:40:27-74
64            </intent-filter>
65        </activity>
66        <activity
66-->src/main/AndroidManifest.xml:44:9-48:20
67            android:name="com.google.mlkit.vision.ChooserActivity"
67-->src/main/AndroidManifest.xml:45:13-67
68            android:exported="false"
68-->src/main/AndroidManifest.xml:46:13-37
69            android:theme="@style/AppTheme" >
69-->src/main/AndroidManifest.xml:47:13-44
70        </activity>
71        <activity
71-->src/main/AndroidManifest.xml:50:9-54:20
72            android:name="com.google.mlkit.vision.LivePreviewActivity"
72-->src/main/AndroidManifest.xml:51:13-71
73            android:exported="false"
73-->src/main/AndroidManifest.xml:52:13-37
74            android:theme="@style/AppTheme" >
74-->src/main/AndroidManifest.xml:53:13-44
75        </activity>
76        <activity
76-->src/main/AndroidManifest.xml:56:9-60:20
77            android:name="com.google.mlkit.vision.CameraXLivePreviewActivity"
77-->src/main/AndroidManifest.xml:57:13-78
78            android:exported="false"
78-->src/main/AndroidManifest.xml:58:13-37
79            android:theme="@style/AppTheme" >
79-->src/main/AndroidManifest.xml:59:13-44
80        </activity>
81
82        <!--
83             Required for ML Kit Pose Detection GPU acceleration. Applications that target Android
84             S+ require explicit declaration of any referenced vendor-provided libraries.
85        -->
86        <uses-native-library
86-->[com.google.mlkit:pose-detection-common:18.0.0-beta3] AndroidManifest.xml:16:9-18:40
87            android:name="libOpenCL.so"
87-->[com.google.mlkit:pose-detection-common:18.0.0-beta3] AndroidManifest.xml:17:13-40
88            android:required="false" />
88-->[com.google.mlkit:pose-detection-common:18.0.0-beta3] AndroidManifest.xml:18:13-37
89        <uses-native-library
89-->[com.google.mlkit:pose-detection-common:18.0.0-beta3] AndroidManifest.xml:16:9-18:40
90            android:name="libOpenCL-car.so"
90-->[com.google.mlkit:pose-detection-common:18.0.0-beta3] AndroidManifest.xml:17:13-40
91            android:required="false" />
91-->[com.google.mlkit:pose-detection-common:18.0.0-beta3] AndroidManifest.xml:18:13-37
92        <uses-native-library
92-->[com.google.mlkit:pose-detection-common:18.0.0-beta3] AndroidManifest.xml:16:9-18:40
93            android:name="libOpenCL-pixel.so"
93-->[com.google.mlkit:pose-detection-common:18.0.0-beta3] AndroidManifest.xml:17:13-40
94            android:required="false" />
94-->[com.google.mlkit:pose-detection-common:18.0.0-beta3] AndroidManifest.xml:18:13-37
95
96        <service
96-->[com.google.mlkit:pose-detection-common:18.0.0-beta3] AndroidManifest.xml:26:9-32:19
97            android:name="com.google.mlkit.common.internal.MlKitComponentDiscoveryService"
97-->[com.google.mlkit:pose-detection-common:18.0.0-beta3] AndroidManifest.xml:27:13-91
98            android:directBootAware="true"
98-->[com.google.mlkit:common:18.10.0] AndroidManifest.xml:17:13-43
99            android:exported="false" >
99-->[com.google.mlkit:pose-detection-common:18.0.0-beta3] AndroidManifest.xml:28:13-37
100            <meta-data
100-->[com.google.mlkit:pose-detection-common:18.0.0-beta3] AndroidManifest.xml:29:13-31:85
101                android:name="com.google.firebase.components:com.google.mlkit.vision.pose.internal.PoseRegistrar"
101-->[com.google.mlkit:pose-detection-common:18.0.0-beta3] AndroidManifest.xml:30:17-114
102                android:value="com.google.firebase.components.ComponentRegistrar" />
102-->[com.google.mlkit:pose-detection-common:18.0.0-beta3] AndroidManifest.xml:31:17-82
103            <meta-data
103-->[com.google.mlkit:object-detection:17.0.0] AndroidManifest.xml:14:13-16:85
104                android:name="com.google.firebase.components:com.google.mlkit.vision.objects.defaults.internal.DefaultObjectsRegistrar"
104-->[com.google.mlkit:object-detection:17.0.0] AndroidManifest.xml:15:17-136
105                android:value="com.google.firebase.components.ComponentRegistrar" />
105-->[com.google.mlkit:object-detection:17.0.0] AndroidManifest.xml:16:17-82
106            <meta-data
106-->[com.google.mlkit:object-detection-custom:17.0.1] AndroidManifest.xml:11:13-13:85
107                android:name="com.google.firebase.components:com.google.mlkit.vision.objects.custom.internal.CustomObjectsRegistrar"
107-->[com.google.mlkit:object-detection-custom:17.0.1] AndroidManifest.xml:12:17-133
108                android:value="com.google.firebase.components.ComponentRegistrar" />
108-->[com.google.mlkit:object-detection-custom:17.0.1] AndroidManifest.xml:13:17-82
109            <meta-data
109-->[com.google.mlkit:image-labeling:17.0.7] AndroidManifest.xml:11:13-13:85
110                android:name="com.google.firebase.components:com.google.mlkit.vision.label.defaults.internal.BundledLabelRegistrar"
110-->[com.google.mlkit:image-labeling:17.0.7] AndroidManifest.xml:12:17-132
111                android:value="com.google.firebase.components.ComponentRegistrar" />
111-->[com.google.mlkit:image-labeling:17.0.7] AndroidManifest.xml:13:17-82
112            <meta-data
112-->[com.google.mlkit:image-labeling-custom:17.0.2] AndroidManifest.xml:11:13-13:85
113                android:name="com.google.firebase.components:com.google.mlkit.vision.label.custom.internal.CustomLabelRegistrar"
113-->[com.google.mlkit:image-labeling-custom:17.0.2] AndroidManifest.xml:12:17-129
114                android:value="com.google.firebase.components.ComponentRegistrar" />
114-->[com.google.mlkit:image-labeling-custom:17.0.2] AndroidManifest.xml:13:17-82
115            <meta-data
115-->[com.google.mlkit:segmentation-selfie:16.0.0-beta4] AndroidManifest.xml:12:13-14:85
116                android:name="com.google.firebase.components:com.google.mlkit.vision.segmentation.internal.SegmentationRegistrar"
116-->[com.google.mlkit:segmentation-selfie:16.0.0-beta4] AndroidManifest.xml:13:17-130
117                android:value="com.google.firebase.components.ComponentRegistrar" />
117-->[com.google.mlkit:segmentation-selfie:16.0.0-beta4] AndroidManifest.xml:14:17-82
118            <meta-data
118-->[com.google.mlkit:face-mesh-detection:16.0.0-beta1] AndroidManifest.xml:11:13-13:85
119                android:name="com.google.firebase.components:com.google.mlkit.vision.facemesh.internal.FaceMeshRegistrar"
119-->[com.google.mlkit:face-mesh-detection:16.0.0-beta1] AndroidManifest.xml:12:17-122
120                android:value="com.google.firebase.components.ComponentRegistrar" />
120-->[com.google.mlkit:face-mesh-detection:16.0.0-beta1] AndroidManifest.xml:13:17-82
121            <meta-data
121-->[com.google.android.gms:play-services-mlkit-subject-segmentation:16.0.0-beta1] AndroidManifest.xml:11:13-13:85
122                android:name="com.google.firebase.components:com.google.mlkit.vision.segmentation.subject.internal.SubjectSegmentationRegistrar"
122-->[com.google.android.gms:play-services-mlkit-subject-segmentation:16.0.0-beta1] AndroidManifest.xml:12:17-145
123                android:value="com.google.firebase.components.ComponentRegistrar" />
123-->[com.google.android.gms:play-services-mlkit-subject-segmentation:16.0.0-beta1] AndroidManifest.xml:13:17-82
124            <meta-data
124-->[com.google.android.gms:play-services-mlkit-barcode-scanning:18.3.0] AndroidManifest.xml:12:13-14:85
125                android:name="com.google.firebase.components:com.google.mlkit.vision.barcode.internal.BarcodeRegistrar"
125-->[com.google.android.gms:play-services-mlkit-barcode-scanning:18.3.0] AndroidManifest.xml:13:17-120
126                android:value="com.google.firebase.components.ComponentRegistrar" />
126-->[com.google.android.gms:play-services-mlkit-barcode-scanning:18.3.0] AndroidManifest.xml:14:17-82
127            <meta-data
127-->[com.google.mlkit:vision-internal-vkp:18.2.2] AndroidManifest.xml:14:13-16:85
128                android:name="com.google.firebase.components:com.google.mlkit.vision.vkp.VkpRegistrar"
128-->[com.google.mlkit:vision-internal-vkp:18.2.2] AndroidManifest.xml:15:17-103
129                android:value="com.google.firebase.components.ComponentRegistrar" />
129-->[com.google.mlkit:vision-internal-vkp:18.2.2] AndroidManifest.xml:16:17-82
130            <meta-data
130-->[com.google.android.gms:play-services-mlkit-face-detection:17.0.1] AndroidManifest.xml:12:13-14:85
131                android:name="com.google.firebase.components:com.google.mlkit.vision.face.internal.FaceRegistrar"
131-->[com.google.android.gms:play-services-mlkit-face-detection:17.0.1] AndroidManifest.xml:13:17-114
132                android:value="com.google.firebase.components.ComponentRegistrar" />
132-->[com.google.android.gms:play-services-mlkit-face-detection:17.0.1] AndroidManifest.xml:14:17-82
133            <meta-data
133-->[com.google.android.gms:play-services-mlkit-text-recognition-common:19.0.0] AndroidManifest.xml:12:13-14:85
134                android:name="com.google.firebase.components:com.google.mlkit.vision.text.internal.TextRegistrar"
134-->[com.google.android.gms:play-services-mlkit-text-recognition-common:19.0.0] AndroidManifest.xml:13:17-114
135                android:value="com.google.firebase.components.ComponentRegistrar" />
135-->[com.google.android.gms:play-services-mlkit-text-recognition-common:19.0.0] AndroidManifest.xml:14:17-82
136            <meta-data
136-->[com.google.mlkit:vision-common:17.3.0] AndroidManifest.xml:12:13-14:85
137                android:name="com.google.firebase.components:com.google.mlkit.vision.common.internal.VisionCommonRegistrar"
137-->[com.google.mlkit:vision-common:17.3.0] AndroidManifest.xml:13:17-124
138                android:value="com.google.firebase.components.ComponentRegistrar" />
138-->[com.google.mlkit:vision-common:17.3.0] AndroidManifest.xml:14:17-82
139            <meta-data
139-->[com.google.mlkit:common:18.10.0] AndroidManifest.xml:20:13-22:85
140                android:name="com.google.firebase.components:com.google.mlkit.common.internal.CommonComponentRegistrar"
140-->[com.google.mlkit:common:18.10.0] AndroidManifest.xml:21:17-120
141                android:value="com.google.firebase.components.ComponentRegistrar" />
141-->[com.google.mlkit:common:18.10.0] AndroidManifest.xml:22:17-82
142        </service>
143        <service
143-->[com.google.mlkit:acceleration:16.0.0-beta1] AndroidManifest.xml:8:9-11:68
144            android:name="com.google.mlkit.acceleration.internal.MlKitRemoteWorkerService"
144-->[com.google.mlkit:acceleration:16.0.0-beta1] AndroidManifest.xml:9:13-91
145            android:exported="false"
145-->[com.google.mlkit:acceleration:16.0.0-beta1] AndroidManifest.xml:10:13-37
146            android:process=":mlkit_acceleration_mini_benchmark" />
146-->[com.google.mlkit:acceleration:16.0.0-beta1] AndroidManifest.xml:11:13-65
147        <service
147-->[androidx.work:work-multiprocess:2.7.0] AndroidManifest.xml:25:9-27:40
148            android:name="androidx.work.multiprocess.RemoteWorkManagerService"
148-->[androidx.work:work-multiprocess:2.7.0] AndroidManifest.xml:26:13-79
149            android:exported="false" />
149-->[androidx.work:work-multiprocess:2.7.0] AndroidManifest.xml:27:13-37
150
151        <provider
151-->[com.google.mlkit:common:18.10.0] AndroidManifest.xml:9:9-13:38
152            android:name="com.google.mlkit.common.internal.MlKitInitProvider"
152-->[com.google.mlkit:common:18.10.0] AndroidManifest.xml:10:13-78
153            android:authorities="com.google.mlkit.vision.mlkitinitprovider"
153-->[com.google.mlkit:common:18.10.0] AndroidManifest.xml:11:13-69
154            android:exported="false"
154-->[com.google.mlkit:common:18.10.0] AndroidManifest.xml:12:13-37
155            android:initOrder="99" />
155-->[com.google.mlkit:common:18.10.0] AndroidManifest.xml:13:13-35
156
157        <activity
157-->[com.google.android.gms:play-services-base:18.1.0] AndroidManifest.xml:20:9-22:45
158            android:name="com.google.android.gms.common.api.GoogleApiActivity"
158-->[com.google.android.gms:play-services-base:18.1.0] AndroidManifest.xml:20:19-85
159            android:exported="false"
159-->[com.google.android.gms:play-services-base:18.1.0] AndroidManifest.xml:22:19-43
160            android:theme="@android:style/Theme.Translucent.NoTitleBar" />
160-->[com.google.android.gms:play-services-base:18.1.0] AndroidManifest.xml:21:19-78
161
162        <provider
162-->[androidx.work:work-runtime:2.7.0] AndroidManifest.xml:31:9-39:20
163            android:name="androidx.startup.InitializationProvider"
163-->[androidx.work:work-runtime:2.7.0] AndroidManifest.xml:32:13-67
164            android:authorities="com.google.mlkit.vision.androidx-startup"
164-->[androidx.work:work-runtime:2.7.0] AndroidManifest.xml:33:13-68
165            android:exported="false" >
165-->[androidx.work:work-runtime:2.7.0] AndroidManifest.xml:34:13-37
166            <meta-data
166-->[androidx.work:work-runtime:2.7.0] AndroidManifest.xml:36:13-38:52
167                android:name="androidx.work.WorkManagerInitializer"
167-->[androidx.work:work-runtime:2.7.0] AndroidManifest.xml:37:17-68
168                android:value="androidx.startup" />
168-->[androidx.work:work-runtime:2.7.0] AndroidManifest.xml:38:17-49
169            <meta-data
169-->[androidx.emoji2:emoji2:1.2.0] AndroidManifest.xml:29:13-31:52
170                android:name="androidx.emoji2.text.EmojiCompatInitializer"
170-->[androidx.emoji2:emoji2:1.2.0] AndroidManifest.xml:30:17-75
171                android:value="androidx.startup" />
171-->[androidx.emoji2:emoji2:1.2.0] AndroidManifest.xml:31:17-49
172            <meta-data
172-->[androidx.lifecycle:lifecycle-process:2.4.1] AndroidManifest.xml:31:13-33:52
173                android:name="androidx.lifecycle.ProcessLifecycleInitializer"
173-->[androidx.lifecycle:lifecycle-process:2.4.1] AndroidManifest.xml:32:17-78
174                android:value="androidx.startup" />
174-->[androidx.lifecycle:lifecycle-process:2.4.1] AndroidManifest.xml:33:17-49
175        </provider>
176
177        <service
177-->[androidx.work:work-runtime:2.7.0] AndroidManifest.xml:41:9-46:35
178            android:name="androidx.work.impl.background.systemalarm.SystemAlarmService"
178-->[androidx.work:work-runtime:2.7.0] AndroidManifest.xml:42:13-88
179            android:directBootAware="false"
179-->[androidx.work:work-runtime:2.7.0] AndroidManifest.xml:43:13-44
180            android:enabled="@bool/enable_system_alarm_service_default"
180-->[androidx.work:work-runtime:2.7.0] AndroidManifest.xml:44:13-72
181            android:exported="false" />
181-->[androidx.work:work-runtime:2.7.0] AndroidManifest.xml:45:13-37
182        <service
182-->[androidx.work:work-runtime:2.7.0] AndroidManifest.xml:47:9-53:35
183            android:name="androidx.work.impl.background.systemjob.SystemJobService"
183-->[androidx.work:work-runtime:2.7.0] AndroidManifest.xml:48:13-84
184            android:directBootAware="false"
184-->[androidx.work:work-runtime:2.7.0] AndroidManifest.xml:49:13-44
185            android:enabled="@bool/enable_system_job_service_default"
185-->[androidx.work:work-runtime:2.7.0] AndroidManifest.xml:50:13-70
186            android:exported="true"
186-->[androidx.work:work-runtime:2.7.0] AndroidManifest.xml:51:13-36
187            android:permission="android.permission.BIND_JOB_SERVICE" />
187-->[androidx.work:work-runtime:2.7.0] AndroidManifest.xml:52:13-69
188        <service
188-->[androidx.work:work-runtime:2.7.0] AndroidManifest.xml:54:9-59:35
189            android:name="androidx.work.impl.foreground.SystemForegroundService"
189-->[androidx.work:work-runtime:2.7.0] AndroidManifest.xml:55:13-81
190            android:directBootAware="false"
190-->[androidx.work:work-runtime:2.7.0] AndroidManifest.xml:56:13-44
191            android:enabled="@bool/enable_system_foreground_service_default"
191-->[androidx.work:work-runtime:2.7.0] AndroidManifest.xml:57:13-77
192            android:exported="false" />
192-->[androidx.work:work-runtime:2.7.0] AndroidManifest.xml:58:13-37
193
194        <receiver
194-->[androidx.work:work-runtime:2.7.0] AndroidManifest.xml:61:9-66:35
195            android:name="androidx.work.impl.utils.ForceStopRunnable$BroadcastReceiver"
195-->[androidx.work:work-runtime:2.7.0] AndroidManifest.xml:62:13-88
196            android:directBootAware="false"
196-->[androidx.work:work-runtime:2.7.0] AndroidManifest.xml:63:13-44
197            android:enabled="true"
197-->[androidx.work:work-runtime:2.7.0] AndroidManifest.xml:64:13-35
198            android:exported="false" />
198-->[androidx.work:work-runtime:2.7.0] AndroidManifest.xml:65:13-37
199        <receiver
199-->[androidx.work:work-runtime:2.7.0] AndroidManifest.xml:67:9-77:20
200            android:name="androidx.work.impl.background.systemalarm.ConstraintProxy$BatteryChargingProxy"
200-->[androidx.work:work-runtime:2.7.0] AndroidManifest.xml:68:13-106
201            android:directBootAware="false"
201-->[androidx.work:work-runtime:2.7.0] AndroidManifest.xml:69:13-44
202            android:enabled="false"
202-->[androidx.work:work-runtime:2.7.0] AndroidManifest.xml:70:13-36
203            android:exported="false" >
203-->[androidx.work:work-runtime:2.7.0] AndroidManifest.xml:71:13-37
204            <intent-filter>
204-->[androidx.work:work-runtime:2.7.0] AndroidManifest.xml:73:13-76:29
205                <action android:name="android.intent.action.ACTION_POWER_CONNECTED" />
205-->[androidx.work:work-runtime:2.7.0] AndroidManifest.xml:74:17-87
205-->[androidx.work:work-runtime:2.7.0] AndroidManifest.xml:74:25-84
206                <action android:name="android.intent.action.ACTION_POWER_DISCONNECTED" />
206-->[androidx.work:work-runtime:2.7.0] AndroidManifest.xml:75:17-90
206-->[androidx.work:work-runtime:2.7.0] AndroidManifest.xml:75:25-87
207            </intent-filter>
208        </receiver>
209        <receiver
209-->[androidx.work:work-runtime:2.7.0] AndroidManifest.xml:78:9-88:20
210            android:name="androidx.work.impl.background.systemalarm.ConstraintProxy$BatteryNotLowProxy"
210-->[androidx.work:work-runtime:2.7.0] AndroidManifest.xml:79:13-104
211            android:directBootAware="false"
211-->[androidx.work:work-runtime:2.7.0] AndroidManifest.xml:80:13-44
212            android:enabled="false"
212-->[androidx.work:work-runtime:2.7.0] AndroidManifest.xml:81:13-36
213            android:exported="false" >
213-->[androidx.work:work-runtime:2.7.0] AndroidManifest.xml:82:13-37
214            <intent-filter>
214-->[androidx.work:work-runtime:2.7.0] AndroidManifest.xml:84:13-87:29
215                <action android:name="android.intent.action.BATTERY_OKAY" />
215-->[androidx.work:work-runtime:2.7.0] AndroidManifest.xml:85:17-77
215-->[androidx.work:work-runtime:2.7.0] AndroidManifest.xml:85:25-74
216                <action android:name="android.intent.action.BATTERY_LOW" />
216-->[androidx.work:work-runtime:2.7.0] AndroidManifest.xml:86:17-76
216-->[androidx.work:work-runtime:2.7.0] AndroidManifest.xml:86:25-73
217            </intent-filter>
218        </receiver>
219        <receiver
219-->[androidx.work:work-runtime:2.7.0] AndroidManifest.xml:89:9-99:20
220            android:name="androidx.work.impl.background.systemalarm.ConstraintProxy$StorageNotLowProxy"
220-->[androidx.work:work-runtime:2.7.0] AndroidManifest.xml:90:13-104
221            android:directBootAware="false"
221-->[androidx.work:work-runtime:2.7.0] AndroidManifest.xml:91:13-44
222            android:enabled="false"
222-->[androidx.work:work-runtime:2.7.0] AndroidManifest.xml:92:13-36
223            android:exported="false" >
223-->[androidx.work:work-runtime:2.7.0] AndroidManifest.xml:93:13-37
224            <intent-filter>
224-->[androidx.work:work-runtime:2.7.0] AndroidManifest.xml:95:13-98:29
225                <action android:name="android.intent.action.DEVICE_STORAGE_LOW" />
225-->[androidx.work:work-runtime:2.7.0] AndroidManifest.xml:96:17-83
225-->[androidx.work:work-runtime:2.7.0] AndroidManifest.xml:96:25-80
226                <action android:name="android.intent.action.DEVICE_STORAGE_OK" />
226-->[androidx.work:work-runtime:2.7.0] AndroidManifest.xml:97:17-82
226-->[androidx.work:work-runtime:2.7.0] AndroidManifest.xml:97:25-79
227            </intent-filter>
228        </receiver>
229        <receiver
229-->[androidx.work:work-runtime:2.7.0] AndroidManifest.xml:100:9-109:20
230            android:name="androidx.work.impl.background.systemalarm.ConstraintProxy$NetworkStateProxy"
230-->[androidx.work:work-runtime:2.7.0] AndroidManifest.xml:101:13-103
231            android:directBootAware="false"
231-->[androidx.work:work-runtime:2.7.0] AndroidManifest.xml:102:13-44
232            android:enabled="false"
232-->[androidx.work:work-runtime:2.7.0] AndroidManifest.xml:103:13-36
233            android:exported="false" >
233-->[androidx.work:work-runtime:2.7.0] AndroidManifest.xml:104:13-37
234            <intent-filter>
234-->[androidx.work:work-runtime:2.7.0] AndroidManifest.xml:106:13-108:29
235                <action android:name="android.net.conn.CONNECTIVITY_CHANGE" />
235-->[androidx.work:work-runtime:2.7.0] AndroidManifest.xml:107:17-79
235-->[androidx.work:work-runtime:2.7.0] AndroidManifest.xml:107:25-76
236            </intent-filter>
237        </receiver>
238        <receiver
238-->[androidx.work:work-runtime:2.7.0] AndroidManifest.xml:110:9-121:20
239            android:name="androidx.work.impl.background.systemalarm.RescheduleReceiver"
239-->[androidx.work:work-runtime:2.7.0] AndroidManifest.xml:111:13-88
240            android:directBootAware="false"
240-->[androidx.work:work-runtime:2.7.0] AndroidManifest.xml:112:13-44
241            android:enabled="false"
241-->[androidx.work:work-runtime:2.7.0] AndroidManifest.xml:113:13-36
242            android:exported="false" >
242-->[androidx.work:work-runtime:2.7.0] AndroidManifest.xml:114:13-37
243            <intent-filter>
243-->[androidx.work:work-runtime:2.7.0] AndroidManifest.xml:116:13-120:29
244                <action android:name="android.intent.action.BOOT_COMPLETED" />
244-->[androidx.work:work-runtime:2.7.0] AndroidManifest.xml:117:17-79
244-->[androidx.work:work-runtime:2.7.0] AndroidManifest.xml:117:25-76
245                <action android:name="android.intent.action.TIME_SET" />
245-->[androidx.work:work-runtime:2.7.0] AndroidManifest.xml:118:17-73
245-->[androidx.work:work-runtime:2.7.0] AndroidManifest.xml:118:25-70
246                <action android:name="android.intent.action.TIMEZONE_CHANGED" />
246-->[androidx.work:work-runtime:2.7.0] AndroidManifest.xml:119:17-81
246-->[androidx.work:work-runtime:2.7.0] AndroidManifest.xml:119:25-78
247            </intent-filter>
248        </receiver>
249        <receiver
249-->[androidx.work:work-runtime:2.7.0] AndroidManifest.xml:122:9-131:20
250            android:name="androidx.work.impl.background.systemalarm.ConstraintProxyUpdateReceiver"
250-->[androidx.work:work-runtime:2.7.0] AndroidManifest.xml:123:13-99
251            android:directBootAware="false"
251-->[androidx.work:work-runtime:2.7.0] AndroidManifest.xml:124:13-44
252            android:enabled="@bool/enable_system_alarm_service_default"
252-->[androidx.work:work-runtime:2.7.0] AndroidManifest.xml:125:13-72
253            android:exported="false" >
253-->[androidx.work:work-runtime:2.7.0] AndroidManifest.xml:126:13-37
254            <intent-filter>
254-->[androidx.work:work-runtime:2.7.0] AndroidManifest.xml:128:13-130:29
255                <action android:name="androidx.work.impl.background.systemalarm.UpdateProxies" />
255-->[androidx.work:work-runtime:2.7.0] AndroidManifest.xml:129:17-98
255-->[androidx.work:work-runtime:2.7.0] AndroidManifest.xml:129:25-95
256            </intent-filter>
257        </receiver>
258        <receiver
258-->[androidx.work:work-runtime:2.7.0] AndroidManifest.xml:132:9-142:20
259            android:name="androidx.work.impl.diagnostics.DiagnosticsReceiver"
259-->[androidx.work:work-runtime:2.7.0] AndroidManifest.xml:133:13-78
260            android:directBootAware="false"
260-->[androidx.work:work-runtime:2.7.0] AndroidManifest.xml:134:13-44
261            android:enabled="true"
261-->[androidx.work:work-runtime:2.7.0] AndroidManifest.xml:135:13-35
262            android:exported="true"
262-->[androidx.work:work-runtime:2.7.0] AndroidManifest.xml:136:13-36
263            android:permission="android.permission.DUMP" >
263-->[androidx.work:work-runtime:2.7.0] AndroidManifest.xml:137:13-57
264            <intent-filter>
264-->[androidx.work:work-runtime:2.7.0] AndroidManifest.xml:139:13-141:29
265                <action android:name="androidx.work.diagnostics.REQUEST_DIAGNOSTICS" />
265-->[androidx.work:work-runtime:2.7.0] AndroidManifest.xml:140:17-88
265-->[androidx.work:work-runtime:2.7.0] AndroidManifest.xml:140:25-85
266            </intent-filter>
267        </receiver>
268